<?xml version="1.0" encoding="UTF-8"?>
<!-- Generated by org.testng.reporters.JUnitReportReporter -->
<testsuite hostname="MAA125CG05164FD" failures="0" tests="1" name="idms.Register" time="0.013" errors="0" timestamp="2025-01-30T19:22:38 IST" skipped="0">
  <testcase classname="idms.Register" name="testcase1" time="0.013"/>
  <system-out/>
</testsuite> <!-- idms.Register -->
