<?xml version="1.0" encoding="UTF-8"?>
<!-- Generated by org.testng.reporters.JUnitReportReporter -->
<testsuite hostname="MAA125CG05164FD" failures="0" tests="3" name="TestNG_Sample.Program1" time="21.760" errors="0" timestamp="2024-11-24T12:45:29 IST" skipped="0">
  <testcase classname="TestNG_Sample.Program1" name="testcase" time="0.001"/>
  <system-out>
    <![CDATA[test case pass]]>
  </system-out>
  <testcase classname="TestNG_Sample.Program1" name="demo" time="8.831"/>
  <system-out/>
  <testcase classname="TestNG_Sample.Program1" name="testcase1" time="12.928"/>
  <system-out/>
</testsuite> <!-- TestNG_Sample.Program1 -->
